2024-02-01 00:48:03,750 [Worker-2: Loading available Gradle versions] INFO  o.e.b.c.i.u.g.PublishedGradleVersions - Gradle version information cache is out-of-date. Trying to update.
2024-02-01 00:52:27,824 [Worker-16: Building] INFO  o.e.m.c.i.l.LifecycleMappingFactory - Using org.eclipse.m2e.jdt.JarLifecycleMapping lifecycle mapping for MavenProject: Com.medsolproject:medsol:0.0.1-SNAPSHOT @ C:\Users\sandeep\eclipse-workspace\sudeepa1234\medsol\pom.xml.
2024-02-01 00:52:31,627 [Worker-16: Building] WARN  o.e.m.c.i.embedder.EclipseLogger - The POM for medsol:medsolproject:jar:0.0.1-SNAPSHOT is missing, no dependency information available
2024-02-01 00:52:37,335 [Worker-13: Download sources and javadoc] ERROR o.e.m.j.internal.DownloadSourcesJob - Could not download sources for medsol:medsolproject:0.0.1-SNAPSHOT
org.eclipse.core.runtime.CoreException: Could not resolve artifact medsol:medsolproject:jar:sources:0.0.1-SNAPSHOT
	at org.eclipse.m2e.core.internal.embedder.MavenImpl.lambda$6(MavenImpl.java:584)
	at org.eclipse.m2e.core.internal.embedder.MavenExecutionContext.executeBare(MavenExecutionContext.java:394)
	at org.eclipse.m2e.core.internal.embedder.MavenExecutionContext.execute(MavenExecutionContext.java:228)
	at org.eclipse.m2e.core.internal.embedder.MavenExecutionContext.execute(MavenExecutionContext.java:214)
	at org.eclipse.m2e.core.internal.embedder.MavenImpl.resolve(MavenImpl.java:553)
	at org.eclipse.m2e.core.internal.embedder.MavenImpl.resolve(MavenImpl.java:538)
	at org.eclipse.m2e.jdt.internal.DownloadSourcesJob.download(DownloadSourcesJob.java:308)
	at org.eclipse.m2e.jdt.internal.DownloadSourcesJob.downloadAttachments(DownloadSourcesJob.java:282)
	at org.eclipse.m2e.jdt.internal.DownloadSourcesJob.downloadMaven(DownloadSourcesJob.java:252)
	at org.eclipse.m2e.jdt.internal.DownloadSourcesJob.downloadFilesAndPopulateToUpdate(DownloadSourcesJob.java:220)
	at org.eclipse.m2e.jdt.internal.DownloadSourcesJob.lambda$0(DownloadSourcesJob.java:149)
	at org.eclipse.m2e.core.internal.embedder.MavenExecutionContext.executeBare(MavenExecutionContext.java:394)
	at org.eclipse.m2e.core.internal.embedder.MavenExecutionContext.execute(MavenExecutionContext.java:275)
	at org.eclipse.m2e.core.internal.embedder.MavenExecutionContext.execute(MavenExecutionContext.java:214)
	at org.eclipse.m2e.core.embedder.IMaven.execute(IMaven.java:294)
	at org.eclipse.m2e.jdt.internal.DownloadSourcesJob.run(DownloadSourcesJob.java:149)
	at org.eclipse.core.internal.jobs.Worker.run(Worker.java:63)
2024-02-01 00:52:39,198 [Worker-16: Building] WARN  o.a.m.s.f.DefaultMavenResourcesFiltering - Using platform encoding (UTF-8 actually) to copy filtered resources, i.e. build is platform dependent!
2024-02-01 00:52:39,228 [Worker-16: Building] INFO  o.a.m.s.f.DefaultMavenResourcesFiltering - Copying 0 resource from src\main\resources to target\classes
2024-02-01 00:52:39,265 [Worker-16: Building] WARN  o.a.m.s.f.DefaultMavenResourcesFiltering - Using platform encoding (UTF-8 actually) to copy filtered resources, i.e. build is platform dependent!
2024-02-01 00:52:39,275 [Worker-16: Building] INFO  o.a.m.s.f.DefaultMavenResourcesFiltering - Copying 3 resources from src\test\resources to target\test-classes
2024-02-01 01:32:55,743 [Worker-1: Loading available Gradle versions] INFO  o.e.b.c.i.u.g.PublishedGradleVersions - Gradle version information cache is up-to-date. Trying to read.
2024-02-01 01:33:15,077 [Worker-4: reload maven project] WARN  o.e.m.c.i.embedder.EclipseLogger - The POM for medsol:medsolproject:jar:0.0.1-SNAPSHOT is missing, no dependency information available
2024-02-01 01:33:40,260 [Worker-7: Building] WARN  o.a.m.s.f.DefaultMavenResourcesFiltering - Using platform encoding (UTF-8 actually) to copy filtered resources, i.e. build is platform dependent!
2024-02-01 01:33:40,286 [Worker-7: Building] INFO  o.a.m.s.f.DefaultMavenResourcesFiltering - Copying 0 resource from src\main\resources to target\classes
2024-02-01 01:33:40,319 [Worker-7: Building] WARN  o.a.m.s.f.DefaultMavenResourcesFiltering - Using platform encoding (UTF-8 actually) to copy filtered resources, i.e. build is platform dependent!
2024-02-01 01:33:40,328 [Worker-7: Building] INFO  o.a.m.s.f.DefaultMavenResourcesFiltering - Copying 3 resources from src\test\resources to target\test-classes
2024-02-01 01:57:02,115 [Worker-3: Loading available Gradle versions] INFO  o.e.b.c.i.u.g.PublishedGradleVersions - Gradle version information cache is up-to-date. Trying to read.
2024-02-01 01:57:20,662 [Worker-5: reload maven project] WARN  o.e.m.c.i.embedder.EclipseLogger - The POM for medsol:medsolproject:jar:0.0.1-SNAPSHOT is missing, no dependency information available
2024-02-01 02:01:50,286 [Worker-3: Building] WARN  o.a.m.s.f.DefaultMavenResourcesFiltering - Using platform encoding (UTF-8 actually) to copy filtered resources, i.e. build is platform dependent!
2024-02-01 02:01:50,313 [Worker-3: Building] INFO  o.a.m.s.f.DefaultMavenResourcesFiltering - Copying 0 resource from src\main\resources to target\classes
2024-02-01 02:01:50,366 [Worker-3: Building] WARN  o.a.m.s.f.DefaultMavenResourcesFiltering - Using platform encoding (UTF-8 actually) to copy filtered resources, i.e. build is platform dependent!
2024-02-01 02:01:50,380 [Worker-3: Building] INFO  o.a.m.s.f.DefaultMavenResourcesFiltering - Copying 3 resources from src\test\resources to target\test-classes
2024-02-01 02:20:33,138 [Worker-1: Loading available Gradle versions] INFO  o.e.b.c.i.u.g.PublishedGradleVersions - Gradle version information cache is up-to-date. Trying to read.
2024-02-01 02:20:36,286 [Worker-1: reload maven project] WARN  o.e.m.c.i.embedder.EclipseLogger - The POM for medsol:medsolproject:jar:0.0.1-SNAPSHOT is missing, no dependency information available
2024-02-01 02:27:50,626 [ModalContext] INFO  o.e.m.c.i.e.AbstractTransferListenerAdapter - Downloaded https://repo.maven.apache.org/maven2/org/apache/maven/archetypes/maven-archetype-quickstart/1.1/maven-archetype-quickstart-1.1.pom
2024-02-01 02:28:16,937 [Worker-3: Launching mavenrun-ab838496-ea9f-4bbd-af9d-24ff9c0e5ad8] INFO  o.eclipse.m2e.core.internal.Bundles - getClasspathEntries(Bundle=org.eclipse.m2e.maven.runtime_3.9.500.20231113-2345 [295])
2024-02-01 02:28:16,940 [Worker-3: Launching mavenrun-ab838496-ea9f-4bbd-af9d-24ff9c0e5ad8] INFO  o.eclipse.m2e.core.internal.Bundles - 	Entry: C:\Users\sandeep\.p2\pool\plugins\org.eclipse.m2e.maven.runtime_3.9.500.20231113-2345
2024-02-01 02:28:16,941 [Worker-3: Launching mavenrun-ab838496-ea9f-4bbd-af9d-24ff9c0e5ad8] INFO  o.eclipse.m2e.core.internal.Bundles - 	Entry: C:\Users\sandeep\.p2\pool\plugins\org.eclipse.m2e.maven.runtime_3.9.500.20231113-2345\jars\aopalliance-1.0.jar
2024-02-01 02:28:16,941 [Worker-3: Launching mavenrun-ab838496-ea9f-4bbd-af9d-24ff9c0e5ad8] INFO  o.eclipse.m2e.core.internal.Bundles - 	Entry: C:\Users\sandeep\.p2\pool\plugins\org.eclipse.m2e.maven.runtime_3.9.500.20231113-2345\jars\guice-5.1.0.jar
2024-02-01 02:28:16,941 [Worker-3: Launching mavenrun-ab838496-ea9f-4bbd-af9d-24ff9c0e5ad8] INFO  o.eclipse.m2e.core.internal.Bundles - 	Entry: C:\Users\sandeep\.p2\pool\plugins\org.eclipse.m2e.maven.runtime_3.9.500.20231113-2345\jars\httpclient-4.5.14.jar
2024-02-01 02:28:16,942 [Worker-3: Launching mavenrun-ab838496-ea9f-4bbd-af9d-24ff9c0e5ad8] INFO  o.eclipse.m2e.core.internal.Bundles - 	Entry: C:\Users\sandeep\.p2\pool\plugins\org.eclipse.m2e.maven.runtime_3.9.500.20231113-2345\jars\httpcore-4.4.16.jar
2024-02-01 02:28:16,942 [Worker-3: Launching mavenrun-ab838496-ea9f-4bbd-af9d-24ff9c0e5ad8] INFO  o.eclipse.m2e.core.internal.Bundles - 	Entry: C:\Users\sandeep\.p2\pool\plugins\org.eclipse.m2e.maven.runtime_3.9.500.20231113-2345\jars\jansi-2.4.0.jar
2024-02-01 02:28:16,942 [Worker-3: Launching mavenrun-ab838496-ea9f-4bbd-af9d-24ff9c0e5ad8] INFO  o.eclipse.m2e.core.internal.Bundles - 	Entry: C:\Users\sandeep\.p2\pool\plugins\org.eclipse.m2e.maven.runtime_3.9.500.20231113-2345\jars\jcl-over-slf4j-1.7.36.jar
2024-02-01 02:28:16,942 [Worker-3: Launching mavenrun-ab838496-ea9f-4bbd-af9d-24ff9c0e5ad8] INFO  o.eclipse.m2e.core.internal.Bundles - 	Entry: C:\Users\sandeep\.p2\pool\plugins\org.eclipse.m2e.maven.runtime_3.9.500.20231113-2345\jars\maven-artifact-3.9.5.jar
2024-02-01 02:28:16,943 [Worker-3: Launching mavenrun-ab838496-ea9f-4bbd-af9d-24ff9c0e5ad8] INFO  o.eclipse.m2e.core.internal.Bundles - 	Entry: C:\Users\sandeep\.p2\pool\plugins\org.eclipse.m2e.maven.runtime_3.9.500.20231113-2345\jars\maven-builder-support-3.9.5.jar
2024-02-01 02:28:16,943 [Worker-3: Launching mavenrun-ab838496-ea9f-4bbd-af9d-24ff9c0e5ad8] INFO  o.eclipse.m2e.core.internal.Bundles - 	Entry: C:\Users\sandeep\.p2\pool\plugins\org.eclipse.m2e.maven.runtime_3.9.500.20231113-2345\jars\maven-compat-3.9.5.jar
2024-02-01 02:28:16,944 [Worker-3: Launching mavenrun-ab838496-ea9f-4bbd-af9d-24ff9c0e5ad8] INFO  o.eclipse.m2e.core.internal.Bundles - 	Entry: C:\Users\sandeep\.p2\pool\plugins\org.eclipse.m2e.maven.runtime_3.9.500.20231113-2345\jars\maven-core-3.9.5.jar
2024-02-01 02:28:16,944 [Worker-3: Launching mavenrun-ab838496-ea9f-4bbd-af9d-24ff9c0e5ad8] INFO  o.eclipse.m2e.core.internal.Bundles - 	Entry: C:\Users\sandeep\.p2\pool\plugins\org.eclipse.m2e.maven.runtime_3.9.500.20231113-2345\jars\maven-embedder-3.9.5.jar
2024-02-01 02:28:16,944 [Worker-3: Launching mavenrun-ab838496-ea9f-4bbd-af9d-24ff9c0e5ad8] INFO  o.eclipse.m2e.core.internal.Bundles - 	Entry: C:\Users\sandeep\.p2\pool\plugins\org.eclipse.m2e.maven.runtime_3.9.500.20231113-2345\jars\maven-model-3.9.5.jar
2024-02-01 02:28:16,944 [Worker-3: Launching mavenrun-ab838496-ea9f-4bbd-af9d-24ff9c0e5ad8] INFO  o.eclipse.m2e.core.internal.Bundles - 	Entry: C:\Users\sandeep\.p2\pool\plugins\org.eclipse.m2e.maven.runtime_3.9.500.20231113-2345\jars\maven-model-builder-3.9.5.jar
2024-02-01 02:28:16,945 [Worker-3: Launching mavenrun-ab838496-ea9f-4bbd-af9d-24ff9c0e5ad8] INFO  o.eclipse.m2e.core.internal.Bundles - 	Entry: C:\Users\sandeep\.p2\pool\plugins\org.eclipse.m2e.maven.runtime_3.9.500.20231113-2345\jars\maven-plugin-api-3.9.5.jar
2024-02-01 02:28:16,945 [Worker-3: Launching mavenrun-ab838496-ea9f-4bbd-af9d-24ff9c0e5ad8] INFO  o.eclipse.m2e.core.internal.Bundles - 	Entry: C:\Users\sandeep\.p2\pool\plugins\org.eclipse.m2e.maven.runtime_3.9.500.20231113-2345\jars\maven-repository-metadata-3.9.5.jar
2024-02-01 02:28:16,945 [Worker-3: Launching mavenrun-ab838496-ea9f-4bbd-af9d-24ff9c0e5ad8] INFO  o.eclipse.m2e.core.internal.Bundles - 	Entry: C:\Users\sandeep\.p2\pool\plugins\org.eclipse.m2e.maven.runtime_3.9.500.20231113-2345\jars\maven-resolver-api-1.9.16.jar
2024-02-01 02:28:16,945 [Worker-3: Launching mavenrun-ab838496-ea9f-4bbd-af9d-24ff9c0e5ad8] INFO  o.eclipse.m2e.core.internal.Bundles - 	Entry: C:\Users\sandeep\.p2\pool\plugins\org.eclipse.m2e.maven.runtime_3.9.500.20231113-2345\jars\maven-resolver-connector-basic-1.9.16.jar
2024-02-01 02:28:16,946 [Worker-3: Launching mavenrun-ab838496-ea9f-4bbd-af9d-24ff9c0e5ad8] INFO  o.eclipse.m2e.core.internal.Bundles - 	Entry: C:\Users\sandeep\.p2\pool\plugins\org.eclipse.m2e.maven.runtime_3.9.500.20231113-2345\jars\maven-resolver-impl-1.9.16.jar
2024-02-01 02:28:16,946 [Worker-3: Launching mavenrun-ab838496-ea9f-4bbd-af9d-24ff9c0e5ad8] INFO  o.eclipse.m2e.core.internal.Bundles - 	Entry: C:\Users\sandeep\.p2\pool\plugins\org.eclipse.m2e.maven.runtime_3.9.500.20231113-2345\jars\maven-resolver-named-locks-1.9.16.jar
2024-02-01 02:28:16,946 [Worker-3: Launching mavenrun-ab838496-ea9f-4bbd-af9d-24ff9c0e5ad8] INFO  o.eclipse.m2e.core.internal.Bundles - 	Entry: C:\Users\sandeep\.p2\pool\plugins\org.eclipse.m2e.maven.runtime_3.9.500.20231113-2345\jars\maven-resolver-provider-3.9.5.jar
2024-02-01 02:28:16,947 [Worker-3: Launching mavenrun-ab838496-ea9f-4bbd-af9d-24ff9c0e5ad8] INFO  o.eclipse.m2e.core.internal.Bundles - 	Entry: C:\Users\sandeep\.p2\pool\plugins\org.eclipse.m2e.maven.runtime_3.9.500.20231113-2345\jars\maven-resolver-spi-1.9.16.jar
2024-02-01 02:28:16,947 [Worker-3: Launching mavenrun-ab838496-ea9f-4bbd-af9d-24ff9c0e5ad8] INFO  o.eclipse.m2e.core.internal.Bundles - 	Entry: C:\Users\sandeep\.p2\pool\plugins\org.eclipse.m2e.maven.runtime_3.9.500.20231113-2345\jars\maven-resolver-transport-file-1.9.16.jar
2024-02-01 02:28:16,947 [Worker-3: Launching mavenrun-ab838496-ea9f-4bbd-af9d-24ff9c0e5ad8] INFO  o.eclipse.m2e.core.internal.Bundles - 	Entry: C:\Users\sandeep\.p2\pool\plugins\org.eclipse.m2e.maven.runtime_3.9.500.20231113-2345\jars\maven-resolver-transport-http-1.9.16.jar
2024-02-01 02:28:16,948 [Worker-3: Launching mavenrun-ab838496-ea9f-4bbd-af9d-24ff9c0e5ad8] INFO  o.eclipse.m2e.core.internal.Bundles - 	Entry: C:\Users\sandeep\.p2\pool\plugins\org.eclipse.m2e.maven.runtime_3.9.500.20231113-2345\jars\maven-resolver-transport-wagon-1.9.16.jar
2024-02-01 02:28:16,948 [Worker-3: Launching mavenrun-ab838496-ea9f-4bbd-af9d-24ff9c0e5ad8] INFO  o.eclipse.m2e.core.internal.Bundles - 	Entry: C:\Users\sandeep\.p2\pool\plugins\org.eclipse.m2e.maven.runtime_3.9.500.20231113-2345\jars\maven-resolver-util-1.9.16.jar
2024-02-01 02:28:16,948 [Worker-3: Launching mavenrun-ab838496-ea9f-4bbd-af9d-24ff9c0e5ad8] INFO  o.eclipse.m2e.core.internal.Bundles - 	Entry: C:\Users\sandeep\.p2\pool\plugins\org.eclipse.m2e.maven.runtime_3.9.500.20231113-2345\jars\maven-settings-3.9.5.jar
2024-02-01 02:28:16,948 [Worker-3: Launching mavenrun-ab838496-ea9f-4bbd-af9d-24ff9c0e5ad8] INFO  o.eclipse.m2e.core.internal.Bundles - 	Entry: C:\Users\sandeep\.p2\pool\plugins\org.eclipse.m2e.maven.runtime_3.9.500.20231113-2345\jars\maven-settings-builder-3.9.5.jar
2024-02-01 02:28:16,949 [Worker-3: Launching mavenrun-ab838496-ea9f-4bbd-af9d-24ff9c0e5ad8] INFO  o.eclipse.m2e.core.internal.Bundles - 	Entry: C:\Users\sandeep\.p2\pool\plugins\org.eclipse.m2e.maven.runtime_3.9.500.20231113-2345\jars\maven-shared-utils-3.3.4.jar
2024-02-01 02:28:16,949 [Worker-3: Launching mavenrun-ab838496-ea9f-4bbd-af9d-24ff9c0e5ad8] INFO  o.eclipse.m2e.core.internal.Bundles - 	Entry: C:\Users\sandeep\.p2\pool\plugins\org.eclipse.m2e.maven.runtime_3.9.500.20231113-2345\jars\org.eclipse.sisu.inject-0.3.5.jar
2024-02-01 02:28:16,949 [Worker-3: Launching mavenrun-ab838496-ea9f-4bbd-af9d-24ff9c0e5ad8] INFO  o.eclipse.m2e.core.internal.Bundles - 	Entry: C:\Users\sandeep\.p2\pool\plugins\org.eclipse.m2e.maven.runtime_3.9.500.20231113-2345\jars\org.eclipse.sisu.plexus-0.3.5.jar
2024-02-01 02:28:16,949 [Worker-3: Launching mavenrun-ab838496-ea9f-4bbd-af9d-24ff9c0e5ad8] INFO  o.eclipse.m2e.core.internal.Bundles - 	Entry: C:\Users\sandeep\.p2\pool\plugins\org.eclipse.m2e.maven.runtime_3.9.500.20231113-2345\jars\plexus-build-api-0.0.7.jar
2024-02-01 02:28:16,950 [Worker-3: Launching mavenrun-ab838496-ea9f-4bbd-af9d-24ff9c0e5ad8] INFO  o.eclipse.m2e.core.internal.Bundles - 	Entry: C:\Users\sandeep\.p2\pool\plugins\org.eclipse.m2e.maven.runtime_3.9.500.20231113-2345\jars\plexus-cipher-2.0.jar
2024-02-01 02:28:16,950 [Worker-3: Launching mavenrun-ab838496-ea9f-4bbd-af9d-24ff9c0e5ad8] INFO  o.eclipse.m2e.core.internal.Bundles - 	Entry: C:\Users\sandeep\.p2\pool\plugins\org.eclipse.m2e.maven.runtime_3.9.500.20231113-2345\jars\plexus-classworlds-2.7.0.jar
2024-02-01 02:28:16,950 [Worker-3: Launching mavenrun-ab838496-ea9f-4bbd-af9d-24ff9c0e5ad8] INFO  o.eclipse.m2e.core.internal.Bundles - 	Entry: C:\Users\sandeep\.p2\pool\plugins\org.eclipse.m2e.maven.runtime_3.9.500.20231113-2345\jars\plexus-component-annotations-2.1.0.jar
2024-02-01 02:28:16,951 [Worker-3: Launching mavenrun-ab838496-ea9f-4bbd-af9d-24ff9c0e5ad8] INFO  o.eclipse.m2e.core.internal.Bundles - 	Entry: C:\Users\sandeep\.p2\pool\plugins\org.eclipse.m2e.maven.runtime_3.9.500.20231113-2345\jars\plexus-interpolation-1.26.jar
2024-02-01 02:28:16,951 [Worker-3: Launching mavenrun-ab838496-ea9f-4bbd-af9d-24ff9c0e5ad8] INFO  o.eclipse.m2e.core.internal.Bundles - 	Entry: C:\Users\sandeep\.p2\pool\plugins\org.eclipse.m2e.maven.runtime_3.9.500.20231113-2345\jars\plexus-sec-dispatcher-2.0.jar
2024-02-01 02:28:16,951 [Worker-3: Launching mavenrun-ab838496-ea9f-4bbd-af9d-24ff9c0e5ad8] INFO  o.eclipse.m2e.core.internal.Bundles - 	Entry: C:\Users\sandeep\.p2\pool\plugins\org.eclipse.m2e.maven.runtime_3.9.500.20231113-2345\jars\plexus-utils-3.5.1.jar
2024-02-01 02:28:16,952 [Worker-3: Launching mavenrun-ab838496-ea9f-4bbd-af9d-24ff9c0e5ad8] INFO  o.eclipse.m2e.core.internal.Bundles - 	Entry: C:\Users\sandeep\.p2\pool\plugins\org.eclipse.m2e.maven.runtime_3.9.500.20231113-2345\jars\wagon-file-3.5.3.jar
2024-02-01 02:28:16,952 [Worker-3: Launching mavenrun-ab838496-ea9f-4bbd-af9d-24ff9c0e5ad8] INFO  o.eclipse.m2e.core.internal.Bundles - 	Entry: C:\Users\sandeep\.p2\pool\plugins\org.eclipse.m2e.maven.runtime_3.9.500.20231113-2345\jars\wagon-http-3.5.3.jar
2024-02-01 02:28:16,953 [Worker-3: Launching mavenrun-ab838496-ea9f-4bbd-af9d-24ff9c0e5ad8] INFO  o.eclipse.m2e.core.internal.Bundles - 	Entry: C:\Users\sandeep\.p2\pool\plugins\org.eclipse.m2e.maven.runtime_3.9.500.20231113-2345\jars\wagon-http-shared-3.5.3.jar
2024-02-01 02:28:16,953 [Worker-3: Launching mavenrun-ab838496-ea9f-4bbd-af9d-24ff9c0e5ad8] INFO  o.eclipse.m2e.core.internal.Bundles - 	Entry: C:\Users\sandeep\.p2\pool\plugins\org.eclipse.m2e.maven.runtime_3.9.500.20231113-2345\jars\wagon-provider-api-3.5.3.jar
2024-02-01 02:28:16,955 [Worker-3: Launching mavenrun-ab838496-ea9f-4bbd-af9d-24ff9c0e5ad8] INFO  o.eclipse.m2e.core.internal.Bundles - getClasspathEntries(Bundle=com.google.guava_32.1.3.jre [10])
2024-02-01 02:28:16,956 [Worker-3: Launching mavenrun-ab838496-ea9f-4bbd-af9d-24ff9c0e5ad8] INFO  o.eclipse.m2e.core.internal.Bundles - 	Entry: C:\Users\sandeep\.p2\pool\plugins\com.google.guava_32.1.3.jre.jar
2024-02-01 02:28:16,956 [Worker-3: Launching mavenrun-ab838496-ea9f-4bbd-af9d-24ff9c0e5ad8] INFO  o.eclipse.m2e.core.internal.Bundles - getClasspathEntries(Bundle=slf4j.api_2.0.11 [515])
2024-02-01 02:28:16,957 [Worker-3: Launching mavenrun-ab838496-ea9f-4bbd-af9d-24ff9c0e5ad8] INFO  o.eclipse.m2e.core.internal.Bundles - 	Entry: C:\Users\sandeep\.p2\pool\plugins\slf4j.api_2.0.11.jar
2024-02-01 02:28:16,957 [Worker-3: Launching mavenrun-ab838496-ea9f-4bbd-af9d-24ff9c0e5ad8] INFO  o.eclipse.m2e.core.internal.Bundles - getClasspathEntries(Bundle=jakarta.inject.jakarta.inject-api_1.0.5 [22])
2024-02-01 02:28:16,958 [Worker-3: Launching mavenrun-ab838496-ea9f-4bbd-af9d-24ff9c0e5ad8] INFO  o.eclipse.m2e.core.internal.Bundles - 	Entry: C:\Users\sandeep\.p2\pool\plugins\jakarta.inject.jakarta.inject-api_1.0.5.jar
2024-02-01 02:28:16,958 [Worker-3: Launching mavenrun-ab838496-ea9f-4bbd-af9d-24ff9c0e5ad8] INFO  o.eclipse.m2e.core.internal.Bundles - getClasspathEntries(Bundle=jakarta.annotation-api_1.3.5 [20])
2024-02-01 02:28:16,959 [Worker-3: Launching mavenrun-ab838496-ea9f-4bbd-af9d-24ff9c0e5ad8] INFO  o.eclipse.m2e.core.internal.Bundles - 	Entry: C:\Users\sandeep\.p2\pool\plugins\jakarta.annotation-api_1.3.5.jar
2024-02-01 02:28:16,959 [Worker-3: Launching mavenrun-ab838496-ea9f-4bbd-af9d-24ff9c0e5ad8] INFO  o.eclipse.m2e.core.internal.Bundles - getClasspathEntries(Bundle=org.apache.commons.cli_1.6.0 [46])
2024-02-01 02:28:16,959 [Worker-3: Launching mavenrun-ab838496-ea9f-4bbd-af9d-24ff9c0e5ad8] INFO  o.eclipse.m2e.core.internal.Bundles - 	Entry: C:\Users\sandeep\.p2\pool\plugins\org.apache.commons.cli_1.6.0.jar
2024-02-01 02:28:16,959 [Worker-3: Launching mavenrun-ab838496-ea9f-4bbd-af9d-24ff9c0e5ad8] INFO  o.eclipse.m2e.core.internal.Bundles - getClasspathEntries(Bundle=org.apache.commons.commons-codec_1.16.0 [48])
2024-02-01 02:28:16,960 [Worker-3: Launching mavenrun-ab838496-ea9f-4bbd-af9d-24ff9c0e5ad8] INFO  o.eclipse.m2e.core.internal.Bundles - 	Entry: C:\Users\sandeep\.p2\pool\plugins\org.apache.commons.commons-codec_1.16.0.jar
2024-02-01 02:28:16,960 [Worker-3: Launching mavenrun-ab838496-ea9f-4bbd-af9d-24ff9c0e5ad8] INFO  o.eclipse.m2e.core.internal.Bundles - getClasspathEntries(Bundle=org.apache.commons.lang3_3.13.0 [53])
2024-02-01 02:28:16,961 [Worker-3: Launching mavenrun-ab838496-ea9f-4bbd-af9d-24ff9c0e5ad8] INFO  o.eclipse.m2e.core.internal.Bundles - 	Entry: C:\Users\sandeep\.p2\pool\plugins\org.apache.commons.lang3_3.13.0.jar
2024-02-01 02:28:16,961 [Worker-3: Launching mavenrun-ab838496-ea9f-4bbd-af9d-24ff9c0e5ad8] INFO  o.eclipse.m2e.core.internal.Bundles - getClasspathEntries(Bundle=com.google.guava.failureaccess_1.0.2 [11])
2024-02-01 02:28:16,961 [Worker-3: Launching mavenrun-ab838496-ea9f-4bbd-af9d-24ff9c0e5ad8] INFO  o.eclipse.m2e.core.internal.Bundles - 	Entry: C:\Users\sandeep\.p2\pool\plugins\com.google.guava.failureaccess_1.0.2.jar
2024-02-01 02:28:16,972 [Worker-3: Launching mavenrun-ab838496-ea9f-4bbd-af9d-24ff9c0e5ad8] INFO  o.e.m.i.launch.MavenLaunchDelegate - Run build in "C:\Users\sandeep\AppData\Local\Temp\m2e-archetypeGenerator10765996454297648554":
2024-02-01 02:28:16,978 [Worker-3: Launching mavenrun-ab838496-ea9f-4bbd-af9d-24ff9c0e5ad8] INFO  o.e.m.i.launch.MavenLaunchDelegate -  mvn  -DarchetypeGroupId=org.apache.maven.archetypes -DarchetypeArtifactId=maven-archetype-quickstart -DarchetypeVersion=1.1 -DgroupId=COM -DartifactId=T -Dversion=0.0.1-SNAPSHOT -Dpackage=COM.T -DoutputDirectory=C:\Users\sandeep\eclipse-workspace\sudeepa1234\medsolproject -Dstyle.color=always -U archetype:generate
2024-02-01 02:29:53,220 [Worker-14: Launching mavenrun-c27db93b-eb67-40c6-a673-fce2465cec8a] INFO  o.eclipse.m2e.core.internal.Bundles - getClasspathEntries(Bundle=org.eclipse.m2e.maven.runtime_3.9.500.20231113-2345 [295])
2024-02-01 02:29:53,222 [Worker-14: Launching mavenrun-c27db93b-eb67-40c6-a673-fce2465cec8a] INFO  o.eclipse.m2e.core.internal.Bundles - 	Entry: C:\Users\sandeep\.p2\pool\plugins\org.eclipse.m2e.maven.runtime_3.9.500.20231113-2345
2024-02-01 02:29:53,222 [Worker-14: Launching mavenrun-c27db93b-eb67-40c6-a673-fce2465cec8a] INFO  o.eclipse.m2e.core.internal.Bundles - 	Entry: C:\Users\sandeep\.p2\pool\plugins\org.eclipse.m2e.maven.runtime_3.9.500.20231113-2345\jars\aopalliance-1.0.jar
2024-02-01 02:29:53,223 [Worker-14: Launching mavenrun-c27db93b-eb67-40c6-a673-fce2465cec8a] INFO  o.eclipse.m2e.core.internal.Bundles - 	Entry: C:\Users\sandeep\.p2\pool\plugins\org.eclipse.m2e.maven.runtime_3.9.500.20231113-2345\jars\guice-5.1.0.jar
2024-02-01 02:29:53,232 [Worker-14: Launching mavenrun-c27db93b-eb67-40c6-a673-fce2465cec8a] INFO  o.eclipse.m2e.core.internal.Bundles - 	Entry: C:\Users\sandeep\.p2\pool\plugins\org.eclipse.m2e.maven.runtime_3.9.500.20231113-2345\jars\httpclient-4.5.14.jar
2024-02-01 02:29:53,232 [Worker-14: Launching mavenrun-c27db93b-eb67-40c6-a673-fce2465cec8a] INFO  o.eclipse.m2e.core.internal.Bundles - 	Entry: C:\Users\sandeep\.p2\pool\plugins\org.eclipse.m2e.maven.runtime_3.9.500.20231113-2345\jars\httpcore-4.4.16.jar
2024-02-01 02:29:53,233 [Worker-14: Launching mavenrun-c27db93b-eb67-40c6-a673-fce2465cec8a] INFO  o.eclipse.m2e.core.internal.Bundles - 	Entry: C:\Users\sandeep\.p2\pool\plugins\org.eclipse.m2e.maven.runtime_3.9.500.20231113-2345\jars\jansi-2.4.0.jar
2024-02-01 02:29:53,237 [Worker-14: Launching mavenrun-c27db93b-eb67-40c6-a673-fce2465cec8a] INFO  o.eclipse.m2e.core.internal.Bundles - 	Entry: C:\Users\sandeep\.p2\pool\plugins\org.eclipse.m2e.maven.runtime_3.9.500.20231113-2345\jars\jcl-over-slf4j-1.7.36.jar
2024-02-01 02:29:53,238 [Worker-14: Launching mavenrun-c27db93b-eb67-40c6-a673-fce2465cec8a] INFO  o.eclipse.m2e.core.internal.Bundles - 	Entry: C:\Users\sandeep\.p2\pool\plugins\org.eclipse.m2e.maven.runtime_3.9.500.20231113-2345\jars\maven-artifact-3.9.5.jar
2024-02-01 02:29:53,239 [Worker-14: Launching mavenrun-c27db93b-eb67-40c6-a673-fce2465cec8a] INFO  o.eclipse.m2e.core.internal.Bundles - 	Entry: C:\Users\sandeep\.p2\pool\plugins\org.eclipse.m2e.maven.runtime_3.9.500.20231113-2345\jars\maven-builder-support-3.9.5.jar
2024-02-01 02:29:53,239 [Worker-14: Launching mavenrun-c27db93b-eb67-40c6-a673-fce2465cec8a] INFO  o.eclipse.m2e.core.internal.Bundles - 	Entry: C:\Users\sandeep\.p2\pool\plugins\org.eclipse.m2e.maven.runtime_3.9.500.20231113-2345\jars\maven-compat-3.9.5.jar
2024-02-01 02:29:53,240 [Worker-14: Launching mavenrun-c27db93b-eb67-40c6-a673-fce2465cec8a] INFO  o.eclipse.m2e.core.internal.Bundles - 	Entry: C:\Users\sandeep\.p2\pool\plugins\org.eclipse.m2e.maven.runtime_3.9.500.20231113-2345\jars\maven-core-3.9.5.jar
2024-02-01 02:29:53,242 [Worker-14: Launching mavenrun-c27db93b-eb67-40c6-a673-fce2465cec8a] INFO  o.eclipse.m2e.core.internal.Bundles - 	Entry: C:\Users\sandeep\.p2\pool\plugins\org.eclipse.m2e.maven.runtime_3.9.500.20231113-2345\jars\maven-embedder-3.9.5.jar
2024-02-01 02:29:53,244 [Worker-14: Launching mavenrun-c27db93b-eb67-40c6-a673-fce2465cec8a] INFO  o.eclipse.m2e.core.internal.Bundles - 	Entry: C:\Users\sandeep\.p2\pool\plugins\org.eclipse.m2e.maven.runtime_3.9.500.20231113-2345\jars\maven-model-3.9.5.jar
2024-02-01 02:29:53,244 [Worker-14: Launching mavenrun-c27db93b-eb67-40c6-a673-fce2465cec8a] INFO  o.eclipse.m2e.core.internal.Bundles - 	Entry: C:\Users\sandeep\.p2\pool\plugins\org.eclipse.m2e.maven.runtime_3.9.500.20231113-2345\jars\maven-model-builder-3.9.5.jar
2024-02-01 02:29:53,245 [Worker-14: Launching mavenrun-c27db93b-eb67-40c6-a673-fce2465cec8a] INFO  o.eclipse.m2e.core.internal.Bundles - 	Entry: C:\Users\sandeep\.p2\pool\plugins\org.eclipse.m2e.maven.runtime_3.9.500.20231113-2345\jars\maven-plugin-api-3.9.5.jar
2024-02-01 02:29:53,245 [Worker-14: Launching mavenrun-c27db93b-eb67-40c6-a673-fce2465cec8a] INFO  o.eclipse.m2e.core.internal.Bundles - 	Entry: C:\Users\sandeep\.p2\pool\plugins\org.eclipse.m2e.maven.runtime_3.9.500.20231113-2345\jars\maven-repository-metadata-3.9.5.jar
2024-02-01 02:29:53,246 [Worker-14: Launching mavenrun-c27db93b-eb67-40c6-a673-fce2465cec8a] INFO  o.eclipse.m2e.core.internal.Bundles - 	Entry: C:\Users\sandeep\.p2\pool\plugins\org.eclipse.m2e.maven.runtime_3.9.500.20231113-2345\jars\maven-resolver-api-1.9.16.jar
2024-02-01 02:29:53,247 [Worker-14: Launching mavenrun-c27db93b-eb67-40c6-a673-fce2465cec8a] INFO  o.eclipse.m2e.core.internal.Bundles - 	Entry: C:\Users\sandeep\.p2\pool\plugins\org.eclipse.m2e.maven.runtime_3.9.500.20231113-2345\jars\maven-resolver-connector-basic-1.9.16.jar
2024-02-01 02:29:53,247 [Worker-14: Launching mavenrun-c27db93b-eb67-40c6-a673-fce2465cec8a] INFO  o.eclipse.m2e.core.internal.Bundles - 	Entry: C:\Users\sandeep\.p2\pool\plugins\org.eclipse.m2e.maven.runtime_3.9.500.20231113-2345\jars\maven-resolver-impl-1.9.16.jar
2024-02-01 02:29:53,248 [Worker-14: Launching mavenrun-c27db93b-eb67-40c6-a673-fce2465cec8a] INFO  o.eclipse.m2e.core.internal.Bundles - 	Entry: C:\Users\sandeep\.p2\pool\plugins\org.eclipse.m2e.maven.runtime_3.9.500.20231113-2345\jars\maven-resolver-named-locks-1.9.16.jar
2024-02-01 02:29:53,253 [Worker-14: Launching mavenrun-c27db93b-eb67-40c6-a673-fce2465cec8a] INFO  o.eclipse.m2e.core.internal.Bundles - 	Entry: C:\Users\sandeep\.p2\pool\plugins\org.eclipse.m2e.maven.runtime_3.9.500.20231113-2345\jars\maven-resolver-provider-3.9.5.jar
2024-02-01 02:29:53,255 [Worker-14: Launching mavenrun-c27db93b-eb67-40c6-a673-fce2465cec8a] INFO  o.eclipse.m2e.core.internal.Bundles - 	Entry: C:\Users\sandeep\.p2\pool\plugins\org.eclipse.m2e.maven.runtime_3.9.500.20231113-2345\jars\maven-resolver-spi-1.9.16.jar
2024-02-01 02:29:53,257 [Worker-14: Launching mavenrun-c27db93b-eb67-40c6-a673-fce2465cec8a] INFO  o.eclipse.m2e.core.internal.Bundles - 	Entry: C:\Users\sandeep\.p2\pool\plugins\org.eclipse.m2e.maven.runtime_3.9.500.20231113-2345\jars\maven-resolver-transport-file-1.9.16.jar
2024-02-01 02:29:53,257 [Worker-14: Launching mavenrun-c27db93b-eb67-40c6-a673-fce2465cec8a] INFO  o.eclipse.m2e.core.internal.Bundles - 	Entry: C:\Users\sandeep\.p2\pool\plugins\org.eclipse.m2e.maven.runtime_3.9.500.20231113-2345\jars\maven-resolver-transport-http-1.9.16.jar
2024-02-01 02:29:53,258 [Worker-14: Launching mavenrun-c27db93b-eb67-40c6-a673-fce2465cec8a] INFO  o.eclipse.m2e.core.internal.Bundles - 	Entry: C:\Users\sandeep\.p2\pool\plugins\org.eclipse.m2e.maven.runtime_3.9.500.20231113-2345\jars\maven-resolver-transport-wagon-1.9.16.jar
2024-02-01 02:29:53,258 [Worker-14: Launching mavenrun-c27db93b-eb67-40c6-a673-fce2465cec8a] INFO  o.eclipse.m2e.core.internal.Bundles - 	Entry: C:\Users\sandeep\.p2\pool\plugins\org.eclipse.m2e.maven.runtime_3.9.500.20231113-2345\jars\maven-resolver-util-1.9.16.jar
2024-02-01 02:29:53,259 [Worker-14: Launching mavenrun-c27db93b-eb67-40c6-a673-fce2465cec8a] INFO  o.eclipse.m2e.core.internal.Bundles - 	Entry: C:\Users\sandeep\.p2\pool\plugins\org.eclipse.m2e.maven.runtime_3.9.500.20231113-2345\jars\maven-settings-3.9.5.jar
2024-02-01 02:29:53,261 [Worker-14: Launching mavenrun-c27db93b-eb67-40c6-a673-fce2465cec8a] INFO  o.eclipse.m2e.core.internal.Bundles - 	Entry: C:\Users\sandeep\.p2\pool\plugins\org.eclipse.m2e.maven.runtime_3.9.500.20231113-2345\jars\maven-settings-builder-3.9.5.jar
2024-02-01 02:29:53,262 [Worker-14: Launching mavenrun-c27db93b-eb67-40c6-a673-fce2465cec8a] INFO  o.eclipse.m2e.core.internal.Bundles - 	Entry: C:\Users\sandeep\.p2\pool\plugins\org.eclipse.m2e.maven.runtime_3.9.500.20231113-2345\jars\maven-shared-utils-3.3.4.jar
2024-02-01 02:29:53,265 [Worker-14: Launching mavenrun-c27db93b-eb67-40c6-a673-fce2465cec8a] INFO  o.eclipse.m2e.core.internal.Bundles - 	Entry: C:\Users\sandeep\.p2\pool\plugins\org.eclipse.m2e.maven.runtime_3.9.500.20231113-2345\jars\org.eclipse.sisu.inject-0.3.5.jar
2024-02-01 02:29:53,265 [Worker-14: Launching mavenrun-c27db93b-eb67-40c6-a673-fce2465cec8a] INFO  o.eclipse.m2e.core.internal.Bundles - 	Entry: C:\Users\sandeep\.p2\pool\plugins\org.eclipse.m2e.maven.runtime_3.9.500.20231113-2345\jars\org.eclipse.sisu.plexus-0.3.5.jar
2024-02-01 02:29:53,266 [Worker-14: Launching mavenrun-c27db93b-eb67-40c6-a673-fce2465cec8a] INFO  o.eclipse.m2e.core.internal.Bundles - 	Entry: C:\Users\sandeep\.p2\pool\plugins\org.eclipse.m2e.maven.runtime_3.9.500.20231113-2345\jars\plexus-build-api-0.0.7.jar
2024-02-01 02:29:53,269 [Worker-14: Launching mavenrun-c27db93b-eb67-40c6-a673-fce2465cec8a] INFO  o.eclipse.m2e.core.internal.Bundles - 	Entry: C:\Users\sandeep\.p2\pool\plugins\org.eclipse.m2e.maven.runtime_3.9.500.20231113-2345\jars\plexus-cipher-2.0.jar
2024-02-01 02:29:53,270 [Worker-14: Launching mavenrun-c27db93b-eb67-40c6-a673-fce2465cec8a] INFO  o.eclipse.m2e.core.internal.Bundles - 	Entry: C:\Users\sandeep\.p2\pool\plugins\org.eclipse.m2e.maven.runtime_3.9.500.20231113-2345\jars\plexus-classworlds-2.7.0.jar
2024-02-01 02:29:53,274 [Worker-14: Launching mavenrun-c27db93b-eb67-40c6-a673-fce2465cec8a] INFO  o.eclipse.m2e.core.internal.Bundles - 	Entry: C:\Users\sandeep\.p2\pool\plugins\org.eclipse.m2e.maven.runtime_3.9.500.20231113-2345\jars\plexus-component-annotations-2.1.0.jar
2024-02-01 02:29:53,276 [Worker-14: Launching mavenrun-c27db93b-eb67-40c6-a673-fce2465cec8a] INFO  o.eclipse.m2e.core.internal.Bundles - 	Entry: C:\Users\sandeep\.p2\pool\plugins\org.eclipse.m2e.maven.runtime_3.9.500.20231113-2345\jars\plexus-interpolation-1.26.jar
2024-02-01 02:29:53,278 [Worker-14: Launching mavenrun-c27db93b-eb67-40c6-a673-fce2465cec8a] INFO  o.eclipse.m2e.core.internal.Bundles - 	Entry: C:\Users\sandeep\.p2\pool\plugins\org.eclipse.m2e.maven.runtime_3.9.500.20231113-2345\jars\plexus-sec-dispatcher-2.0.jar
2024-02-01 02:29:53,279 [Worker-14: Launching mavenrun-c27db93b-eb67-40c6-a673-fce2465cec8a] INFO  o.eclipse.m2e.core.internal.Bundles - 	Entry: C:\Users\sandeep\.p2\pool\plugins\org.eclipse.m2e.maven.runtime_3.9.500.20231113-2345\jars\plexus-utils-3.5.1.jar
2024-02-01 02:29:53,279 [Worker-14: Launching mavenrun-c27db93b-eb67-40c6-a673-fce2465cec8a] INFO  o.eclipse.m2e.core.internal.Bundles - 	Entry: C:\Users\sandeep\.p2\pool\plugins\org.eclipse.m2e.maven.runtime_3.9.500.20231113-2345\jars\wagon-file-3.5.3.jar
2024-02-01 02:29:53,280 [Worker-14: Launching mavenrun-c27db93b-eb67-40c6-a673-fce2465cec8a] INFO  o.eclipse.m2e.core.internal.Bundles - 	Entry: C:\Users\sandeep\.p2\pool\plugins\org.eclipse.m2e.maven.runtime_3.9.500.20231113-2345\jars\wagon-http-3.5.3.jar
2024-02-01 02:29:53,282 [Worker-14: Launching mavenrun-c27db93b-eb67-40c6-a673-fce2465cec8a] INFO  o.eclipse.m2e.core.internal.Bundles - 	Entry: C:\Users\sandeep\.p2\pool\plugins\org.eclipse.m2e.maven.runtime_3.9.500.20231113-2345\jars\wagon-http-shared-3.5.3.jar
2024-02-01 02:29:53,283 [Worker-14: Launching mavenrun-c27db93b-eb67-40c6-a673-fce2465cec8a] INFO  o.eclipse.m2e.core.internal.Bundles - 	Entry: C:\Users\sandeep\.p2\pool\plugins\org.eclipse.m2e.maven.runtime_3.9.500.20231113-2345\jars\wagon-provider-api-3.5.3.jar
2024-02-01 02:29:53,283 [Worker-14: Launching mavenrun-c27db93b-eb67-40c6-a673-fce2465cec8a] INFO  o.eclipse.m2e.core.internal.Bundles - getClasspathEntries(Bundle=com.google.guava_32.1.3.jre [10])
2024-02-01 02:29:53,286 [Worker-14: Launching mavenrun-c27db93b-eb67-40c6-a673-fce2465cec8a] INFO  o.eclipse.m2e.core.internal.Bundles - 	Entry: C:\Users\sandeep\.p2\pool\plugins\com.google.guava_32.1.3.jre.jar
2024-02-01 02:29:53,287 [Worker-14: Launching mavenrun-c27db93b-eb67-40c6-a673-fce2465cec8a] INFO  o.eclipse.m2e.core.internal.Bundles - getClasspathEntries(Bundle=slf4j.api_2.0.11 [515])
2024-02-01 02:29:53,288 [Worker-14: Launching mavenrun-c27db93b-eb67-40c6-a673-fce2465cec8a] INFO  o.eclipse.m2e.core.internal.Bundles - 	Entry: C:\Users\sandeep\.p2\pool\plugins\slf4j.api_2.0.11.jar
2024-02-01 02:29:53,288 [Worker-14: Launching mavenrun-c27db93b-eb67-40c6-a673-fce2465cec8a] INFO  o.eclipse.m2e.core.internal.Bundles - getClasspathEntries(Bundle=jakarta.inject.jakarta.inject-api_1.0.5 [22])
2024-02-01 02:29:53,290 [Worker-14: Launching mavenrun-c27db93b-eb67-40c6-a673-fce2465cec8a] INFO  o.eclipse.m2e.core.internal.Bundles - 	Entry: C:\Users\sandeep\.p2\pool\plugins\jakarta.inject.jakarta.inject-api_1.0.5.jar
2024-02-01 02:29:53,291 [Worker-14: Launching mavenrun-c27db93b-eb67-40c6-a673-fce2465cec8a] INFO  o.eclipse.m2e.core.internal.Bundles - getClasspathEntries(Bundle=jakarta.annotation-api_1.3.5 [20])
2024-02-01 02:29:53,292 [Worker-14: Launching mavenrun-c27db93b-eb67-40c6-a673-fce2465cec8a] INFO  o.eclipse.m2e.core.internal.Bundles - 	Entry: C:\Users\sandeep\.p2\pool\plugins\jakarta.annotation-api_1.3.5.jar
2024-02-01 02:29:53,292 [Worker-14: Launching mavenrun-c27db93b-eb67-40c6-a673-fce2465cec8a] INFO  o.eclipse.m2e.core.internal.Bundles - getClasspathEntries(Bundle=org.apache.commons.cli_1.6.0 [46])
2024-02-01 02:29:53,293 [Worker-14: Launching mavenrun-c27db93b-eb67-40c6-a673-fce2465cec8a] INFO  o.eclipse.m2e.core.internal.Bundles - 	Entry: C:\Users\sandeep\.p2\pool\plugins\org.apache.commons.cli_1.6.0.jar
2024-02-01 02:29:53,294 [Worker-14: Launching mavenrun-c27db93b-eb67-40c6-a673-fce2465cec8a] INFO  o.eclipse.m2e.core.internal.Bundles - getClasspathEntries(Bundle=org.apache.commons.commons-codec_1.16.0 [48])
2024-02-01 02:29:53,295 [Worker-14: Launching mavenrun-c27db93b-eb67-40c6-a673-fce2465cec8a] INFO  o.eclipse.m2e.core.internal.Bundles - 	Entry: C:\Users\sandeep\.p2\pool\plugins\org.apache.commons.commons-codec_1.16.0.jar
2024-02-01 02:29:53,295 [Worker-14: Launching mavenrun-c27db93b-eb67-40c6-a673-fce2465cec8a] INFO  o.eclipse.m2e.core.internal.Bundles - getClasspathEntries(Bundle=org.apache.commons.lang3_3.13.0 [53])
2024-02-01 02:29:53,295 [Worker-14: Launching mavenrun-c27db93b-eb67-40c6-a673-fce2465cec8a] INFO  o.eclipse.m2e.core.internal.Bundles - 	Entry: C:\Users\sandeep\.p2\pool\plugins\org.apache.commons.lang3_3.13.0.jar
2024-02-01 02:29:53,296 [Worker-14: Launching mavenrun-c27db93b-eb67-40c6-a673-fce2465cec8a] INFO  o.eclipse.m2e.core.internal.Bundles - getClasspathEntries(Bundle=com.google.guava.failureaccess_1.0.2 [11])
2024-02-01 02:29:53,296 [Worker-14: Launching mavenrun-c27db93b-eb67-40c6-a673-fce2465cec8a] INFO  o.eclipse.m2e.core.internal.Bundles - 	Entry: C:\Users\sandeep\.p2\pool\plugins\com.google.guava.failureaccess_1.0.2.jar
2024-02-01 02:29:53,299 [Worker-14: Launching mavenrun-c27db93b-eb67-40c6-a673-fce2465cec8a] INFO  o.e.m.i.launch.MavenLaunchDelegate - Run build in "C:\Users\sandeep\AppData\Local\Temp\m2e-archetypeGenerator12946101712884361543":
2024-02-01 02:29:53,300 [Worker-14: Launching mavenrun-c27db93b-eb67-40c6-a673-fce2465cec8a] INFO  o.e.m.i.launch.MavenLaunchDelegate -  mvn  -DarchetypeGroupId=org.apache.maven.archetypes -DarchetypeArtifactId=maven-archetype-quickstart -DarchetypeVersion=1.1 -DgroupId=COM -DartifactId=ms -Dversion=0.0.1-SNAPSHOT -Dpackage=COM.ms -DoutputDirectory=C:\Users\sandeep\eclipse-workspace\sudeepa1234\medsolproject -Dstyle.color=always -U archetype:generate
2024-02-01 02:30:39,859 [Worker-0: Building] INFO  o.e.m.c.i.l.LifecycleMappingFactory - Using org.eclipse.m2e.jdt.JarLifecycleMapping lifecycle mapping for MavenProject: medsol:medsolproject:0.0.1-SNAPSHOT @ C:\Users\sandeep\eclipse-workspace\sudeepa1234\hanuman\pom.xml.
2024-02-01 02:30:41,197 [Worker-0: Building] INFO  o.e.m.c.i.l.LifecycleMappingFactory - Using org.eclipse.m2e.jdt.JarLifecycleMapping lifecycle mapping for MavenProject: Com.medsolproject:medsol:0.0.1-SNAPSHOT @ C:\Users\sandeep\eclipse-workspace\sudeepa1234\medsol\pom.xml.
2024-02-01 02:30:41,382 [Worker-0: Building] INFO  o.e.m.c.i.p.WorkspaceClassifierResolverManager - Resolving P/hanuman: medsol:medsolproject:0.0.1-SNAPSHOT with classifier  to /hanuman/target/classes
2024-02-01 02:30:43,181 [Worker-0: Building] WARN  o.a.m.s.f.DefaultMavenResourcesFiltering - Using platform encoding (UTF-8 actually) to copy filtered resources, i.e. build is platform dependent!
2024-02-01 02:30:43,189 [Worker-0: Building] INFO  o.a.m.s.f.DefaultMavenResourcesFiltering - Copying 0 resource from src\main\resources to target\classes
2024-02-01 02:30:43,197 [Worker-0: Building] WARN  o.a.m.s.f.DefaultMavenResourcesFiltering - Using platform encoding (UTF-8 actually) to copy filtered resources, i.e. build is platform dependent!
2024-02-01 02:30:43,200 [Worker-0: Building] INFO  o.a.m.s.f.DefaultMavenResourcesFiltering - Copying 4 resources from src\test\resources to target\test-classes
2024-02-01 02:59:21,539 [Worker-0: Loading available Gradle versions] INFO  o.e.b.c.i.u.g.PublishedGradleVersions - Gradle version information cache is up-to-date. Trying to read.
2024-02-01 03:23:41,265 [Worker-8: Building] WARN  o.a.m.s.f.DefaultMavenResourcesFiltering - Using platform encoding (UTF-8 actually) to copy filtered resources, i.e. build is platform dependent!
2024-02-01 03:23:41,280 [Worker-8: Building] INFO  o.a.m.s.f.DefaultMavenResourcesFiltering - Copying 0 resource from src\main\resources to target\classes
2024-02-01 03:23:41,290 [Worker-8: Building] WARN  o.a.m.s.f.DefaultMavenResourcesFiltering - Using platform encoding (UTF-8 actually) to copy filtered resources, i.e. build is platform dependent!
2024-02-01 03:23:41,296 [Worker-8: Building] INFO  o.a.m.s.f.DefaultMavenResourcesFiltering - Copying 4 resources from src\test\resources to target\test-classes
2024-02-01 03:25:07,633 [Worker-15: Building] WARN  o.a.m.s.f.DefaultMavenResourcesFiltering - Using platform encoding (UTF-8 actually) to copy filtered resources, i.e. build is platform dependent!
2024-02-01 03:25:07,637 [Worker-15: Building] INFO  o.a.m.s.f.DefaultMavenResourcesFiltering - Copying 0 resource from src\main\resources to target\classes
2024-02-01 03:25:07,643 [Worker-15: Building] WARN  o.a.m.s.f.DefaultMavenResourcesFiltering - Using platform encoding (UTF-8 actually) to copy filtered resources, i.e. build is platform dependent!
2024-02-01 03:25:07,648 [Worker-15: Building] INFO  o.a.m.s.f.DefaultMavenResourcesFiltering - Copying 4 resources from src\test\resources to target\test-classes
2024-02-01 03:33:48,284 [Worker-13: Building] WARN  o.a.m.s.f.DefaultMavenResourcesFiltering - Using platform encoding (UTF-8 actually) to copy filtered resources, i.e. build is platform dependent!
2024-02-01 03:33:48,287 [Worker-13: Building] INFO  o.a.m.s.f.DefaultMavenResourcesFiltering - Copying 0 resource from src\main\resources to target\classes
2024-02-01 03:33:48,303 [Worker-13: Building] WARN  o.a.m.s.f.DefaultMavenResourcesFiltering - Using platform encoding (UTF-8 actually) to copy filtered resources, i.e. build is platform dependent!
2024-02-01 03:33:48,327 [Worker-13: Building] INFO  o.a.m.s.f.DefaultMavenResourcesFiltering - Copying 4 resources from src\test\resources to target\test-classes
2024-02-01 03:41:25,849 [Worker-21: Building] WARN  o.a.m.s.f.DefaultMavenResourcesFiltering - Using platform encoding (UTF-8 actually) to copy filtered resources, i.e. build is platform dependent!
2024-02-01 03:41:25,852 [Worker-21: Building] INFO  o.a.m.s.f.DefaultMavenResourcesFiltering - Copying 0 resource from src\main\resources to target\classes
2024-02-01 03:41:25,857 [Worker-21: Building] WARN  o.a.m.s.f.DefaultMavenResourcesFiltering - Using platform encoding (UTF-8 actually) to copy filtered resources, i.e. build is platform dependent!
2024-02-01 03:41:25,861 [Worker-21: Building] INFO  o.a.m.s.f.DefaultMavenResourcesFiltering - Copying 4 resources from src\test\resources to target\test-classes
2024-02-01 03:41:52,235 [Worker-3: Loading available Gradle versions] INFO  o.e.b.c.i.u.g.PublishedGradleVersions - Gradle version information cache is up-to-date. Trying to read.
2024-02-01 07:00:11,105 [Worker-2: Loading available Gradle versions] INFO  o.e.b.c.i.u.g.PublishedGradleVersions - Gradle version information cache is up-to-date. Trying to read.
2024-02-01 07:28:25,750 [Worker-15: Building] WARN  o.a.m.s.f.DefaultMavenResourcesFiltering - Using platform encoding (UTF-8 actually) to copy filtered resources, i.e. build is platform dependent!
2024-02-01 07:28:25,763 [Worker-15: Building] INFO  o.a.m.s.f.DefaultMavenResourcesFiltering - Copying 0 resource from src\main\resources to target\classes
2024-02-01 07:28:25,772 [Worker-15: Building] WARN  o.a.m.s.f.DefaultMavenResourcesFiltering - Using platform encoding (UTF-8 actually) to copy filtered resources, i.e. build is platform dependent!
2024-02-01 07:28:25,775 [Worker-15: Building] INFO  o.a.m.s.f.DefaultMavenResourcesFiltering - Copying 4 resources from src\test\resources to target\test-classes
2024-02-01 07:31:54,937 [Worker-15: Launching Tc_login] WARN  o.a.m.s.f.DefaultMavenResourcesFiltering - Using platform encoding (UTF-8 actually) to copy filtered resources, i.e. build is platform dependent!
2024-02-01 07:31:54,941 [Worker-15: Launching Tc_login] INFO  o.a.m.s.f.DefaultMavenResourcesFiltering - Copying 0 resource from src\main\resources to target\classes
2024-02-01 07:31:54,946 [Worker-15: Launching Tc_login] WARN  o.a.m.s.f.DefaultMavenResourcesFiltering - Using platform encoding (UTF-8 actually) to copy filtered resources, i.e. build is platform dependent!
2024-02-01 07:31:54,951 [Worker-15: Launching Tc_login] INFO  o.a.m.s.f.DefaultMavenResourcesFiltering - Copying 4 resources from src\test\resources to target\test-classes
2024-02-01 09:39:33,446 [Worker-20: Building] WARN  o.a.m.s.f.DefaultMavenResourcesFiltering - Using platform encoding (UTF-8 actually) to copy filtered resources, i.e. build is platform dependent!
2024-02-01 09:39:33,450 [Worker-20: Building] INFO  o.a.m.s.f.DefaultMavenResourcesFiltering - Copying 0 resource from src\main\resources to target\classes
2024-02-01 09:39:33,454 [Worker-20: Building] WARN  o.a.m.s.f.DefaultMavenResourcesFiltering - Using platform encoding (UTF-8 actually) to copy filtered resources, i.e. build is platform dependent!
2024-02-01 09:39:33,459 [Worker-20: Building] INFO  o.a.m.s.f.DefaultMavenResourcesFiltering - Copying 4 resources from src\test\resources to target\test-classes
2024-02-01 10:20:23,582 [Worker-25: Building] WARN  o.a.m.s.f.DefaultMavenResourcesFiltering - Using platform encoding (UTF-8 actually) to copy filtered resources, i.e. build is platform dependent!
2024-02-01 10:20:23,587 [Worker-25: Building] INFO  o.a.m.s.f.DefaultMavenResourcesFiltering - Copying 0 resource from src\main\resources to target\classes
2024-02-01 10:20:23,592 [Worker-25: Building] WARN  o.a.m.s.f.DefaultMavenResourcesFiltering - Using platform encoding (UTF-8 actually) to copy filtered resources, i.e. build is platform dependent!
2024-02-01 10:20:23,596 [Worker-25: Building] INFO  o.a.m.s.f.DefaultMavenResourcesFiltering - Copying 4 resources from src\test\resources to target\test-classes
2024-02-01 19:26:10,773 [Worker-4: Loading available Gradle versions] INFO  o.e.b.c.i.u.g.PublishedGradleVersions - Gradle version information cache is up-to-date. Trying to read.
2024-02-01 19:38:25,645 [Worker-3: Building] WARN  o.a.m.s.f.DefaultMavenResourcesFiltering - Using platform encoding (UTF-8 actually) to copy filtered resources, i.e. build is platform dependent!
2024-02-01 19:38:25,704 [Worker-3: Building] INFO  o.a.m.s.f.DefaultMavenResourcesFiltering - Copying 0 resource from src\main\resources to target\classes
2024-02-01 19:38:25,749 [Worker-3: Building] WARN  o.a.m.s.f.DefaultMavenResourcesFiltering - Using platform encoding (UTF-8 actually) to copy filtered resources, i.e. build is platform dependent!
2024-02-01 19:38:25,776 [Worker-3: Building] INFO  o.a.m.s.f.DefaultMavenResourcesFiltering - Copying 4 resources from src\test\resources to target\test-classes
